
> @oaoong/misty@0.0.6 build-storybook C:\Users\wjdwo\Desktop\folder\misty
> storybook build "--output-dir" "C:\\Users\\wjdwo\\AppData\\Local\\Temp\\chromatic--11948-rv0HbMN1qV3H"

@storybook/cli v7.6.7

info => Cleaning outputDir: C:\\Users\\wjdwo\\AppData\\Local\\Temp\\chromatic--11948-rv0HbMN1qV3H
info => Loading presets
info => Building manager..
info => Manager built (2.18 s)
info => Building preview..
info => Copying static files: C:\Users\wjdwo\Desktop\folder\misty\node_modules\.pnpm\@storybook+manager@7.6.7\node_modules\@storybook\manager\static at C:\Users\wjdwo\AppData\Local\Temp\chromatic--11948-rv0HbMN1qV3H\sb-common-assets
[36mvite v4.5.1 [32mbuilding for production...[36m[39m

./sb-common-assets/fonts.css doesn't exist at build time, it will remain unchanged to be resolved at runtime
transforming...
node_modules/.pnpm/telejson@7.2.0/node_modules/telejson/dist/index.mjs (1413:15) Use of eval in "node_modules/.pnpm/telejson@7.2.0/node_modules/telejson/dist/index.mjs" is strongly discouraged as it poses security risks and may cause issues with minification.
node_modules/.pnpm/telejson@7.2.0/node_modules/telejson/dist/index.mjs (1416:18) Use of eval in "node_modules/.pnpm/telejson@7.2.0/node_modules/telejson/dist/index.mjs" is strongly discouraged as it poses security risks and may cause issues with minification.
[32m✓[39m 587 modules transformed.
rendering chunks...
computing gzip size...
[2m../../../AppData/Local/Temp/chromatic--11948-rv0HbMN1qV3H/[22m[32massets/youtube-5361ca32.svg                    [39m[1m[2m  0.73 kB[22m[1m[22m[2m │ gzip:   0.36 kB[22m
[2m../../../AppData/Local/Temp/chromatic--11948-rv0HbMN1qV3H/[22m[32massets/tutorials-f0fc7b4f.svg                  [39m[1m[2m  1.28 kB[22m[1m[22m[2m │ gzip:   0.63 kB[22m
[2m../../../AppData/Local/Temp/chromatic--11948-rv0HbMN1qV3H/[22m[32massets/discord-02fd6b8c.svg                    [39m[1m[2m  2.43 kB[22m[1m[22m[2m │ gzip:   1.15 kB[22m
[2m../../../AppData/Local/Temp/chromatic--11948-rv0HbMN1qV3H/[22m[32massets/github-2aae4a19.svg                     [39m[1m[2m  2.73 kB[22m[1m[22m[2m │ gzip:   1.28 kB[22m
[2m../../../AppData/Local/Temp/chromatic--11948-rv0HbMN1qV3H/[22m[32massets/context-c612d889.png                    [39m[1m[2m  6.12 kB[22m[1m[22m
[2m../../../AppData/Local/Temp/chromatic--11948-rv0HbMN1qV3H/[22m[32massets/styling-c83082e0.png                    [39m[1m[2m  7.24 kB[22m[1m[22m
[2m../../../AppData/Local/Temp/chromatic--11948-rv0HbMN1qV3H/[22m[32miframe.html                                    [39m[1m[2m 12.80 kB[22m[1m[22m[2m │ gzip:   3.60 kB[22m
[2m../../../AppData/Local/Temp/chromatic--11948-rv0HbMN1qV3H/[22m[32massets/docs-5b0c7100.png                       [39m[1m[2m 27.88 kB[22m[1m[22m
[2m../../../AppData/Local/Temp/chromatic--11948-rv0HbMN1qV3H/[22m[32massets/share-b59d6c77.png                      [39m[1m[2m 40.77 kB[22m[1m[22m
[2m../../../AppData/Local/Temp/chromatic--11948-rv0HbMN1qV3H/[22m[32massets/accessibility-cd6d60f7.png              [39m[1m[2m 42.34 kB[22m[1m[22m
[2m../../../AppData/Local/Temp/chromatic--11948-rv0HbMN1qV3H/[22m[32massets/figma-plugin-b0a5ad2d.png               [39m[1m[2m 44.25 kB[22m[1m[22m
[2m../../../AppData/Local/Temp/chromatic--11948-rv0HbMN1qV3H/[22m[32massets/theming-b6e819c3.png                    [39m[1m[2m 44.37 kB[22m[1m[22m
[2m../../../AppData/Local/Temp/chromatic--11948-rv0HbMN1qV3H/[22m[32massets/testing-6a59f681.png                    [39m[1m[2m 49.31 kB[22m[1m[22m
[2m../../../AppData/Local/Temp/chromatic--11948-rv0HbMN1qV3H/[22m[32massets/addon-library-bc7ba705.png              [39m[1m[2m467.37 kB[22m[1m[22m
[2m../../../AppData/Local/Temp/chromatic--11948-rv0HbMN1qV3H/[22m[35massets/Container.stories-1d6700cb.css          [39m[1m[2m  0.17 kB[22m[1m[22m[2m │ gzip:   0.16 kB[22m
[2m../../../AppData/Local/Temp/chromatic--11948-rv0HbMN1qV3H/[22m[35massets/Header-a6911580.css                     [39m[1m[2m  0.51 kB[22m[1m[22m[2m │ gzip:   0.31 kB[22m
[2m../../../AppData/Local/Temp/chromatic--11948-rv0HbMN1qV3H/[22m[35massets/Button-bc1a867b.css                     [39m[1m[2m  0.52 kB[22m[1m[22m[2m │ gzip:   0.29 kB[22m
[2m../../../AppData/Local/Temp/chromatic--11948-rv0HbMN1qV3H/[22m[35massets/Page.stories-ece1482a.css               [39m[1m[2m  0.93 kB[22m[1m[22m[2m │ gzip:   0.39 kB[22m
[2m../../../AppData/Local/Temp/chromatic--11948-rv0HbMN1qV3H/[22m[36massets/preview-ba2273f4.js                     [39m[1m[2m  0.15 kB[22m[1m[22m[2m │ gzip:   0.15 kB[22m
[2m../../../AppData/Local/Temp/chromatic--11948-rv0HbMN1qV3H/[22m[36massets/index-9eea8125.js                       [39m[1m[2m  0.21 kB[22m[1m[22m[2m │ gzip:   0.17 kB[22m
[2m../../../AppData/Local/Temp/chromatic--11948-rv0HbMN1qV3H/[22m[36massets/WithTooltip-V3YHNWJZ-14e3aa6f.js        [39m[1m[2m  0.36 kB[22m[1m[22m[2m │ gzip:   0.21 kB[22m
[2m../../../AppData/Local/Temp/chromatic--11948-rv0HbMN1qV3H/[22m[36massets/syntaxhighlighter-V7JZZA35-71fc0405.js  [39m[1m[2m  0.38 kB[22m[1m[22m[2m │ gzip:   0.23 kB[22m
[2m../../../AppData/Local/Temp/chromatic--11948-rv0HbMN1qV3H/[22m[36massets/index-a1cf9e47.js                       [39m[1m[2m  0.49 kB[22m[1m[22m[2m │ gzip:   0.31 kB[22m
[2m../../../AppData/Local/Temp/chromatic--11948-rv0HbMN1qV3H/[22m[36massets/preview-90ddd6c1.js                     [39m[1m[2m  0.50 kB[22m[1m[22m[2m │ gzip:   0.30 kB[22m
[2m../../../AppData/Local/Temp/chromatic--11948-rv0HbMN1qV3H/[22m[36massets/react-18-988a5df2.js                    [39m[1m[2m  0.55 kB[22m[1m[22m[2m │ gzip:   0.34 kB[22m
[2m../../../AppData/Local/Temp/chromatic--11948-rv0HbMN1qV3H/[22m[36massets/preview-73104b77.js                     [39m[1m[2m  0.64 kB[22m[1m[22m[2m │ gzip:   0.44 kB[22m
[2m../../../AppData/Local/Temp/chromatic--11948-rv0HbMN1qV3H/[22m[36massets/_commonjsHelpers-de833af9.js            [39m[1m[2m  0.69 kB[22m[1m[22m[2m │ gzip:   0.38 kB[22m
[2m../../../AppData/Local/Temp/chromatic--11948-rv0HbMN1qV3H/[22m[36massets/index-356e4a49.js                       [39m[1m[2m  0.77 kB[22m[1m[22m[2m │ gzip:   0.47 kB[22m
[2m../../../AppData/Local/Temp/chromatic--11948-rv0HbMN1qV3H/[22m[36massets/Container.stories-222a3aff.js           [39m[1m[2m  0.77 kB[22m[1m[22m[2m │ gzip:   0.41 kB[22m
[2m../../../AppData/Local/Temp/chromatic--11948-rv0HbMN1qV3H/[22m[36massets/Header.stories-5c87b471.js              [39m[1m[2m  0.84 kB[22m[1m[22m[2m │ gzip:   0.44 kB[22m
[2m../../../AppData/Local/Temp/chromatic--11948-rv0HbMN1qV3H/[22m[36massets/preview-0ef86afd.js                     [39m[1m[2m  0.86 kB[22m[1m[22m[2m │ gzip:   0.55 kB[22m
[2m../../../AppData/Local/Temp/chromatic--11948-rv0HbMN1qV3H/[22m[36massets/jsx-runtime-29545a09.js                 [39m[1m[2m  0.97 kB[22m[1m[22m[2m │ gzip:   0.60 kB[22m
[2m../../../AppData/Local/Temp/chromatic--11948-rv0HbMN1qV3H/[22m[36massets/entry-preview-1f5c28fc.js               [39m[1m[2m  1.15 kB[22m[1m[22m[2m │ gzip:   0.67 kB[22m
[2m../../../AppData/Local/Temp/chromatic--11948-rv0HbMN1qV3H/[22m[36massets/Button-899f532c.js                      [39m[1m[2m  1.18 kB[22m[1m[22m[2m │ gzip:   0.57 kB[22m
[2m../../../AppData/Local/Temp/chromatic--11948-rv0HbMN1qV3H/[22m[36massets/DocsRenderer-NNNQARDV-0257936e.js       [39m[1m[2m  1.25 kB[22m[1m[22m[2m │ gzip:   0.66 kB[22m
[2m../../../AppData/Local/Temp/chromatic--11948-rv0HbMN1qV3H/[22m[36massets/Button.stories-ac98a944.js              [39m[1m[2m  1.50 kB[22m[1m[22m[2m │ gzip:   0.57 kB[22m
[2m../../../AppData/Local/Temp/chromatic--11948-rv0HbMN1qV3H/[22m[36massets/Header-4e8e6d6d.js                      [39m[1m[2m  1.52 kB[22m[1m[22m[2m │ gzip:   0.71 kB[22m
[2m../../../AppData/Local/Temp/chromatic--11948-rv0HbMN1qV3H/[22m[36massets/index-11d98b33.js                       [39m[1m[2m  2.59 kB[22m[1m[22m[2m │ gzip:   1.26 kB[22m
[2m../../../AppData/Local/Temp/chromatic--11948-rv0HbMN1qV3H/[22m[36massets/preview-30b54f76.js                     [39m[1m[2m  3.21 kB[22m[1m[22m[2m │ gzip:   1.37 kB[22m
[2m../../../AppData/Local/Temp/chromatic--11948-rv0HbMN1qV3H/[22m[36massets/iframe-08f69496.js                      [39m[1m[2m  5.13 kB[22m[1m[22m[2m │ gzip:   1.74 kB[22m
[2m../../../AppData/Local/Temp/chromatic--11948-rv0HbMN1qV3H/[22m[36massets/preview-d01b88e8.js                     [39m[1m[2m  5.23 kB[22m[1m[22m[2m │ gzip:   2.39 kB[22m
[2m../../../AppData/Local/Temp/chromatic--11948-rv0HbMN1qV3H/[22m[36massets/index-76fb7be0.js                       [39m[1m[2m  7.16 kB[22m[1m[22m[2m │ gzip:   2.91 kB[22m
[2m../../../AppData/Local/Temp/chromatic--11948-rv0HbMN1qV3H/[22m[36massets/preview-da31036b.js                     [39m[1m[2m  7.62 kB[22m[1m[22m[2m │ gzip:   1.56 kB[22m
[2m../../../AppData/Local/Temp/chromatic--11948-rv0HbMN1qV3H/[22m[36massets/preview-c56bf6ac.js                     [39m[1m[2m  8.28 kB[22m[1m[22m[2m │ gzip:   3.16 kB[22m
[2m../../../AppData/Local/Temp/chromatic--11948-rv0HbMN1qV3H/[22m[36massets/Configure-81e5f97f.js                   [39m[1m[2m 16.95 kB[22m[1m[22m[2m │ gzip:   7.69 kB[22m
[2m../../../AppData/Local/Temp/chromatic--11948-rv0HbMN1qV3H/[22m[36massets/Color-6VNJS4EI-ebeb5b4b.js              [39m[1m[2m 30.98 kB[22m[1m[22m[2m │ gzip:  11.60 kB[22m
[2m../../../AppData/Local/Temp/chromatic--11948-rv0HbMN1qV3H/[22m[36massets/preview-21802b0a.js                     [39m[1m[2m 72.07 kB[22m[1m[22m[2m │ gzip:  24.33 kB[22m
[2m../../../AppData/Local/Temp/chromatic--11948-rv0HbMN1qV3H/[22m[36massets/index-8fd8397b.js                       [39m[1m[2m 78.40 kB[22m[1m[22m[2m │ gzip:  23.41 kB[22m
[2m../../../AppData/Local/Temp/chromatic--11948-rv0HbMN1qV3H/[22m[36massets/index-d3ea75b5.js                       [39m[1m[2m134.07 kB[22m[1m[22m[2m │ gzip:  43.20 kB[22m
[2m../../../AppData/Local/Temp/chromatic--11948-rv0HbMN1qV3H/[22m[36massets/entry-preview-docs-1ceceedf.js          [39m[1m[2m213.11 kB[22m[1m[22m[2m │ gzip:  66.22 kB[22m
[2m../../../AppData/Local/Temp/chromatic--11948-rv0HbMN1qV3H/[22m[36massets/index-ab70d012.js                       [39m[1m[33m538.01 kB[39m[22m[2m │ gzip: 175.05 kB[22m
[2m../../../AppData/Local/Temp/chromatic--11948-rv0HbMN1qV3H/[22m[36massets/Page.stories-b8a614a3.js                [39m[1m[33m564.33 kB[39m[22m[2m │ gzip: 149.49 kB[22m
[2m../../../AppData/Local/Temp/chromatic--11948-rv0HbMN1qV3H/[22m[36massets/formatter-SWP5E3XI-abe0ad5f.js          [39m[1m[33m601.56 kB[39m[22m[2m │ gzip: 185.01 kB[22m
[33m
(!) Some chunks are larger than 500 kBs after minification. Consider:
- Using dynamic import() to code-split the application
- Use build.rollupOptions.output.manualChunks to improve chunking: https://rollupjs.org/configuration-options/#output-manualchunks
- Adjust chunk size limit for this warning via build.chunkSizeWarningLimit.[39m
[32m✓ built in 17.19s[39m
info => Preview built (20 s)
info => Output directory: C:\\Users\\wjdwo\\AppData\\Local\\Temp\\chromatic--11948-rv0HbMN1qV3H
